# JRE version: Java(TM) SE Runtime Environment (8.0_181-b13) (build 1.8.0_181-b13)
# Java VM: Java HotSpot(TM) 64-Bit Server VM (25.181-b13 mixed mode windows-amd64 compressed oops)
Heap:
 PSYoungGen      total 226816K, used 127835K [0x0000000757500000, 0x0000000766380000, 0x00000007c0000000)
  eden space 214528K, 53% used [0x0000000757500000,0x000000075e5d9628,0x0000000764680000)
  from space 12288K, 99% used [0x0000000765780000,0x000000076637d968,0x0000000766380000)
  to   space 13824K, 0% used [0x0000000764880000,0x0000000764880000,0x0000000765600000)
 ParOldGen       total 214528K, used 16156K [0x0000000685e00000, 0x0000000692f80000, 0x0000000757500000)
  object space 214528K, 7% used [0x0000000685e00000,0x0000000686dc71e8,0x0000000692f80000)
 Metaspace       used 51231K, capacity 53396K, committed 53632K, reserved 1095680K
  class space    used 6400K, capacity 6773K, committed 6784K, reserved 1048576K
GC Heap History (10 events):
Event: 4.823 GC heap before
{Heap before GC invocations=6 (full 1):
 PSYoungGen      total 130560K, used 77008K [0x0000000757500000, 0x0000000760280000, 0x00000007c0000000)
  eden space 118272K, 56% used [0x0000000757500000,0x000000075b6a38a0,0x000000075e880000)
  from space 12288K, 79% used [0x000000075f680000,0x0000000760010a68,0x0000000760280000)
  to   space 13312K, 0% used [0x000000075e880000,0x000000075e880000,0x000000075f580000)
 ParOldGen       total 132608K, used 9631K [0x0000000685e00000, 0x000000068df80000, 0x0000000757500000)
  object space 132608K, 7% used [0x0000000685e00000,0x0000000686767e90,0x000000068df80000)
 Metaspace       used 34307K, capacity 35326K, committed 35416K, reserved 1081344K
  class space    used 4337K, capacity 4559K, committed 4608K, reserved 1048576K
Event: 4.834 GC heap after
Heap after GC invocations=6 (full 1):
 PSYoungGen      total 131584K, used 10946K [0x0000000757500000, 0x0000000763700000, 0x00000007c0000000)
  eden space 118272K, 0% used [0x0000000757500000,0x0000000757500000,0x000000075e880000)
  from space 13312K, 82% used [0x000000075e880000,0x000000075f330810,0x000000075f580000)
  to   space 11776K, 0% used [0x0000000762b80000,0x0000000762b80000,0x0000000763700000)
 ParOldGen       total 132608K, used 9639K [0x0000000685e00000, 0x000000068df80000, 0x0000000757500000)
  object space 132608K, 7% used [0x0000000685e00000,0x0000000686769e90,0x000000068df80000)
 Metaspace       used 34307K, capacity 35326K, committed 35416K, reserved 1081344K
  class space    used 4337K, capacity 4559K, committed 4608K, reserved 1048576K
}
Event: 4.834 GC heap before
{Heap before GC invocations=7 (full 2):
 PSYoungGen      total 131584K, used 10946K [0x0000000757500000, 0x0000000763700000, 0x00000007c0000000)
  eden space 118272K, 0% used [0x0000000757500000,0x0000000757500000,0x000000075e880000)
  from space 13312K, 82% used [0x000000075e880000,0x000000075f330810,0x000000075f580000)
  to   space 11776K, 0% used [0x0000000762b80000,0x0000000762b80000,0x0000000763700000)
 ParOldGen       total 132608K, used 9639K [0x0000000685e00000, 0x000000068df80000, 0x0000000757500000)
  object space 132608K, 7% used [0x0000000685e00000,0x0000000686769e90,0x000000068df80000)
 Metaspace       used 34307K, capacity 35326K, committed 35416K, reserved 1081344K
  class space    used 4337K, capacity 4559K, committed 4608K, reserved 1048576K
Event: 4.888 GC heap after
Heap after GC invocations=7 (full 2):
 PSYoungGen      total 131584K, used 0K [0x0000000757500000, 0x0000000763700000, 0x00000007c0000000)
  eden space 118272K, 0% used [0x0000000757500000,0x0000000757500000,0x000000075e880000)
  from space 13312K, 0% used [0x000000075e880000,0x000000075e880000,0x000000075f580000)
  to   space 11776K, 0% used [0x0000000762b80000,0x0000000762b80000,0x0000000763700000)
 ParOldGen       total 214528K, used 15858K [0x0000000685e00000, 0x0000000692f80000, 0x0000000757500000)
  object space 214528K, 7% used [0x0000000685e00000,0x0000000686d7c800,0x0000000692f80000)
 Metaspace       used 34307K, capacity 35326K, committed 35416K, reserved 1081344K
  class space    used 4337K, capacity 4559K, committed 4608K, reserved 1048576K
}
Event: 5.682 GC heap before
{Heap before GC invocations=8 (full 2):
 PSYoungGen      total 131584K, used 118272K [0x0000000757500000, 0x0000000763700000, 0x00000007c0000000)
  eden space 118272K, 100% used [0x0000000757500000,0x000000075e880000,0x000000075e880000)
  from space 13312K, 0% used [0x000000075e880000,0x000000075e880000,0x000000075f580000)
  to   space 11776K, 0% used [0x0000000762b80000,0x0000000762b80000,0x0000000763700000)
 ParOldGen       total 214528K, used 15858K [0x0000000685e00000, 0x0000000692f80000, 0x0000000757500000)
  object space 214528K, 7% used [0x0000000685e00000,0x0000000686d7c800,0x0000000692f80000)
 Metaspace       used 38428K, capacity 39614K, committed 39680K, reserved 1083392K
  class space    used 4825K, capacity 5101K, committed 5120K, reserved 1048576K
Event: 5.688 GC heap after
Heap after GC invocations=8 (full 2):
 PSYoungGen      total 165888K, used 3696K [0x0000000757500000, 0x0000000762f80000, 0x00000007c0000000)
  eden space 161792K, 0% used [0x0000000757500000,0x0000000757500000,0x0000000761300000)
  from space 4096K, 90% used [0x0000000762b80000,0x0000000762f1c278,0x0000000762f80000)
  to   space 12800K, 0% used [0x0000000761680000,0x0000000761680000,0x0000000762300000)
 ParOldGen       total 214528K, used 15866K [0x0000000685e00000, 0x0000000692f80000, 0x0000000757500000)
  object space 214528K, 7% used [0x0000000685e00000,0x0000000686d7e800,0x0000000692f80000)
 Metaspace       used 38428K, capacity 39614K, committed 39680K, reserved 1083392K
  class space    used 4825K, capacity 5101K, committed 5120K, reserved 1048576K
}
Event: 6.896 GC heap before
{Heap before GC invocations=9 (full 2):
 PSYoungGen      total 165888K, used 165488K [0x0000000757500000, 0x0000000762f80000, 0x00000007c0000000)
  eden space 161792K, 100% used [0x0000000757500000,0x0000000761300000,0x0000000761300000)
  from space 4096K, 90% used [0x0000000762b80000,0x0000000762f1c278,0x0000000762f80000)
  to   space 12800K, 0% used [0x0000000761680000,0x0000000761680000,0x0000000762300000)
 ParOldGen       total 214528K, used 15866K [0x0000000685e00000, 0x0000000692f80000, 0x0000000757500000)
  object space 214528K, 7% used [0x0000000685e00000,0x0000000686d7e800,0x0000000692f80000)
 Metaspace       used 41088K, capacity 42654K, committed 42880K, reserved 1087488K
  class space    used 5130K, capacity 5415K, committed 5504K, reserved 1048576K
Event: 6.907 GC heap after
Heap after GC invocations=9 (full 2):
 PSYoungGen      total 178176K, used 8072K [0x0000000757500000, 0x0000000766380000, 0x00000007c0000000)
  eden space 165376K, 0% used [0x0000000757500000,0x0000000757500000,0x0000000761680000)
  from space 12800K, 63% used [0x0000000761680000,0x0000000761e622d8,0x0000000762300000)
  to   space 12288K, 0% used [0x0000000765780000,0x0000000765780000,0x0000000766380000)
 ParOldGen       total 214528K, used 15874K [0x0000000685e00000, 0x0000000692f80000, 0x0000000757500000)
  object space 214528K, 7% used [0x0000000685e00000,0x0000000686d80800,0x0000000692f80000)
 Metaspace       used 41088K, capacity 42654K, committed 42880K, reserved 1087488K
  class space    used 5130K, capacity 5415K, committed 5504K, reserved 1048576K
}
Event: 38.137 GC heap before
{Heap before GC invocations=10 (full 2):
 PSYoungGen      total 178176K, used 173448K [0x0000000757500000, 0x0000000766380000, 0x00000007c0000000)
  eden space 165376K, 100% used [0x0000000757500000,0x0000000761680000,0x0000000761680000)
  from space 12800K, 63% used [0x0000000761680000,0x0000000761e622d8,0x0000000762300000)
  to   space 12288K, 0% used [0x0000000765780000,0x0000000765780000,0x0000000766380000)
 ParOldGen       total 214528K, used 15874K [0x0000000685e00000, 0x0000000692f80000, 0x0000000757500000)
  object space 214528K, 7% used [0x0000000685e00000,0x0000000686d80800,0x0000000692f80000)
 Metaspace       used 45930K, capacity 47936K, committed 48000K, reserved 1091584K
  class space    used 5879K, capacity 6226K, committed 6272K, reserved 1048576K
Event: 38.148 GC heap after
Heap after GC invocations=10 (full 2):
 PSYoungGen      total 226816K, used 12278K [0x0000000757500000, 0x0000000766380000, 0x00000007c0000000)
  eden space 214528K, 0% used [0x0000000757500000,0x0000000757500000,0x0000000764680000)
  from space 12288K, 99% used [0x0000000765780000,0x000000076637d968,0x0000000766380000)
  to   space 13824K, 0% used [0x0000000764880000,0x0000000764880000,0x0000000765600000)
 ParOldGen       total 214528K, used 16156K [0x0000000685e00000, 0x0000000692f80000, 0x0000000757500000)
  object space 214528K, 7% used [0x0000000685e00000,0x0000000686dc71e8,0x0000000692f80000)
 Metaspace       used 45930K, capacity 47936K, committed 48000K, reserved 1091584K
  class space    used 5879K, capacity 6226K, committed 6272K, reserved 1048576K
}

